<?xml version="1.0" encoding="UTF-8"?>
<!-- Generated by org.testng.reporters.JUnitReportReporter -->
<testsuite hostname="DESKTOP-9N6SF7C" failures="0" tests="1" name="TestCases.TC001_AccountRegistrationTest" time="4.249" errors="0" timestamp="2025-07-10T20:19:32 IST" skipped="0">
  <testcase classname="TestCases.TC001_AccountRegistrationTest" name="verify_account_registration" time="4.249"/>
</testsuite> <!-- TestCases.TC001_AccountRegistrationTest -->
